
Lmod is automatically replacing "cce/11.0.4" with "gcc/10.2.0".


Lmod is automatically replacing "PrgEnv-cray/8.0.0" with "PrgEnv-gnu/8.0.0".


Due to MODULEPATH changes, the following have been reloaded:
  1) cray-mpich/8.1.4


The following have been reloaded with a version change:
  1) PrgEnv-gnu/8.0.0 => PrgEnv-gnu/8.1.0
  2) cray-libsci/21.04.1.1 => cray-libsci/21.08.1.2
  3) cray-mpich/8.1.4 => cray-mpich/8.1.9
  4) craype/2.7.6 => craype/2.7.10
  5) gcc/10.2.0 => gcc/11.2.0

srun: Job step aborted: Waiting up to 32 seconds for job step to finish.
slurmstepd: error: *** STEP 3088084.0 ON nid003509 CANCELLED AT 2023-02-14T14:33:44 DUE TO TIME LIMIT ***
slurmstepd: error: *** JOB 3088084 ON nid003509 CANCELLED AT 2023-02-14T14:33:44 DUE TO TIME LIMIT ***
process_vm_readv: No such process
PE 58: process_vm_readv returned: Invalid argument
Assertion failed in file ../src/mpid/ch4/shm/cray_common/cray_common_memops.c at line 426: 0
process_vm_readv: No such process
PE 85: process_vm_readv returned: Invalid argument
Assertion failed in file ../src/mpid/ch4/shm/cray_common/cray_common_memops.c at line 426: 0
process_vm_readv: No such process
PE 86: process_vm_readv returned: Invalid argument
Assertion failed in file ../src/mpid/ch4/shm/cray_common/cray_common_memops.c at line 426: 0
process_vm_readv: No such process
PE 87: process_vm_readv returned: Invalid argument
Assertion failed in file ../src/mpid/ch4/shm/cray_common/cray_common_memops.c at line 426: 0
process_vm_readv: No such process
PE 101: process_vm_readv returned: Invalid argument
Assertion failed in file ../src/mpid/ch4/shm/cray_common/cray_common_memops.c at line 426: 0
process_vm_readv: No such process
PE 102: process_vm_readv returned: Invalid argument
Assertion failed in file ../src/mpid/ch4/shm/cray_common/cray_common_memops.c at line 426: 0
process_vm_readv: No such process
PE 103: process_vm_readv returned: Invalid argument
Assertion failed in file ../src/mpid/ch4/shm/cray_common/cray_common_memops.c at line 426: 0
process_vm_readv: No such process
PE 106: process_vm_readv returned: Invalid argument
Assertion failed in file ../src/mpid/ch4/shm/cray_common/cray_common_memops.c at line 426: 0
/opt/cray/pe/lib64/libmpi_gnu_91.so.12(MPL_backtrace_show+0x26) [0x2b53b9a25c7b]
/opt/cray/pe/lib64/libmpi_gnu_91.so.12(+0x20e2744) [0x2b53b93ba744]
/opt/cray/pe/lib64/libmpi_gnu_91.so.12(+0x25a2b49) [0x2b53b987ab49]
/opt/cray/pe/lib64/libmpi_gnu_91.so.12(+0x25cdd58) [0x2b53b98a5d58]
/opt/cray/pe/lib64/libmpi_gnu_91.so.12(+0x259a168) [0x2b53b9872168]
/opt/cray/pe/lib64/libmpi_gnu_91.so.12(+0xf456a2) [0x2b53b821d6a2]
/opt/cray/pe/lib64/libmpi_gnu_91.so.12(+0xfa48f6) [0x2b53b827c8f6]
/opt/cray/pe/lib64/libmpi_gnu_91.so.12(+0x1ddb0f6) [0x2b53b90b30f6]
/opt/cray/pe/lib64/libmpi_gnu_91.so.12(+0x1cadfb2) [0x2b53b8f85fb2]
/opt/cray/pe/lib64/libmpi_gnu_91.so.12(+0x1986f6) [0x2b53b74706f6]
/opt/cray/pe/lib64/libmpi_gnu_91.so.12(+0x198858) [0x2b53b7470858]
/opt/cray/pe/lib64/libmpi_gnu_91.so.12(PMPI_Alltoallv+0xc3a) [0x2b53b747184a]
/opt/cray/pe/lib64/libmpifort_gnu_91.so.12(pmpi_alltoallv_+0x52) [0x2b53b709adc2]
/work/e05/e05/cahart/cp2k/cp2k-2023.1/cp2k-2023.1-dev-3/exe/ARCHER2/cp2k.psmp() [0x2de6311]
/work/e05/e05/cahart/cp2k/cp2k-2023.1/cp2k-2023.1-dev-3/exe/ARCHER2/cp2k.psmp() [0x2b31dd2]
/work/e05/e05/cahart/cp2k/cp2k-2023.1/cp2k-2023.1-dev-3/exe/ARCHER2/cp2k.psmp() [0x2a7dab5]
/work/e05/e05/cahart/cp2k/cp2k-2023.1/cp2k-2023.1-dev-3/exe/ARCHER2/cp2k.psmp() [0x2a88be2]
/work/e05/e05/cahart/cp2k/cp2k-2023.1/cp2k-2023.1-dev-3/exe/ARCHER2/cp2k.psmp() [0x292cd6c]
/work/e05/e05/cahart/cp2k/cp2k-2023.1/cp2k-2023.1-dev-3/exe/ARCHER2/cp2k.psmp() [0x28dada8]
/work/e05/e05/cahart/cp2k/cp2k-2023.1/cp2k-2023.1-dev-3/exe/ARCHER2/cp2k.psmp() [0x14e19f4]
/work/e05/e05/cahart/cp2k/cp2k-2023.1/cp2k-2023.1-dev-3/exe/ARCHER2/cp2k.psmp() [0x95499d]
/work/e05/e05/cahart/cp2k/cp2k-2023.1/cp2k-2023.1-dev-3/exe/ARCHER2/cp2k.psmp() [0x959cb0]
/work/e05/e05/cahart/cp2k/cp2k-2023.1/cp2k-2023.1-dev-3/exe/ARCHER2/cp2k.psmp() [0x1409c2f]
/work/e05/e05/cahart/cp2k/cp2k-2023.1/cp2k-2023.1-dev-3/exe/ARCHER2/cp2k.psmp() [0x14179e8]
/work/e05/e05/cahart/cp2k/cp2k-2023.1/cp2k-2023.1-dev-3/exe/ARCHER2/cp2k.psmp() [0xd567fc]
/work/e05/e05/cahart/cp2k/cp2k-2023.1/cp2k-2023.1-dev-3/exe/ARCHER2/cp2k.psmp() [0xb2d153]
/work/e05/e05/cahart/cp2k/cp2k-2023.1/cp2k-2023.1-dev-3/exe/ARCHER2/cp2k.psmp() [0x50e4a3]
/work/e05/e05/cahart/cp2k/cp2k-2023.1/cp2k-2023.1-dev-3/exe/ARCHER2/cp2k.psmp() [0x510f9a]
/work/e05/e05/cahart/cp2k/cp2k-2023.1/cp2k-2023.1-dev-3/exe/ARCHER2/cp2k.psmp() [0x50487e]
/work/e05/e05/cahart/cp2k/cp2k-2023.1/cp2k-2023.1-dev-3/exe/ARCHER2/cp2k.psmp() [0x4d868d]
/lib64/libc.so.6(__libc_start_main+0xea) [0x2b53ba44734a]
/work/e05/e05/cahart/cp2k/cp2k-2023.1/cp2k-2023.1-dev-3/exe/ARCHER2/cp2k.psmp() [0x502c3a]
MPICH ERROR [Rank 106] [job id 3088084.0] [Tue Feb 14 14:33:44 2023] [nid003509] - Abort(1): Internal error

process_vm_readv: No such process
PE 117: process_vm_readv returned: Invalid argument
Assertion failed in file ../src/mpid/ch4/shm/cray_common/cray_common_memops.c at line 426: 0
/opt/cray/pe/lib64/libmpi_gnu_91.so.12(MPL_backtrace_show+0x26) [0x2b89f31d6c7b]
/opt/cray/pe/lib64/libmpi_gnu_91.so.12(+0x20e2744) [0x2b89f2b6b744]
/opt/cray/pe/lib64/libmpi_gnu_91.so.12(+0x25a2b49) [0x2b89f302bb49]
/opt/cray/pe/lib64/libmpi_gnu_91.so.12(+0x25cdd58) [0x2b89f3056d58]
/opt/cray/pe/lib64/libmpi_gnu_91.so.12(+0x259b056) [0x2b89f3024056]
/opt/cray/pe/lib64/libmpi_gnu_91.so.12(+0xf456a2) [0x2b89f19ce6a2]
/opt/cray/pe/lib64/libmpi_gnu_91.so.12(+0xfa48f6) [0x2b89f1a2d8f6]
/opt/cray/pe/lib64/libmpi_gnu_91.so.12(+0x1ddb0f6) [0x2b89f28640f6]
/opt/cray/pe/lib64/libmpi_gnu_91.so.12(+0x1cadfb2) [0x2b89f2736fb2]
/opt/cray/pe/lib64/libmpi_gnu_91.so.12(+0x1986f6) [0x2b89f0c216f6]
/opt/cray/pe/lib64/libmpi_gnu_91.so.12(+0x198858) [0x2b89f0c21858]
/opt/cray/pe/lib64/libmpi_gnu_91.so.12(PMPI_Alltoallv+0xc3a) [0x2b89f0c2284a]
/opt/cray/pe/lib64/libmpifort_gnu_91.so.12(pmpi_alltoallv_+0x52) [0x2b89f084bdc2]
/work/e05/e05/cahart/cp2k/cp2k-2023.1/cp2k-2023.1-dev-3/exe/ARCHER2/cp2k.psmp() [0x2de6311]
/work/e05/e05/cahart/cp2k/cp2k-2023.1/cp2k-2023.1-dev-3/exe/ARCHER2/cp2k.psmp() [0x2b31dd2]
/work/e05/e05/cahart/cp2k/cp2k-2023.1/cp2k-2023.1-dev-3/exe/ARCHER2/cp2k.psmp() [0x2a7dab5]
/work/e05/e05/cahart/cp2k/cp2k-2023.1/cp2k-2023.1-dev-3/exe/ARCHER2/cp2k.psmp() [0x2a88be2]
/work/e05/e05/cahart/cp2k/cp2k-2023.1/cp2k-2023.1-dev-3/exe/ARCHER2/cp2k.psmp() [0x292cd6c]
/work/e05/e05/cahart/cp2k/cp2k-2023.1/cp2k-2023.1-dev-3/exe/ARCHER2/cp2k.psmp() [0x28dada8]
/work/e05/e05/cahart/cp2k/cp2k-2023.1/cp2k-2023.1-dev-3/exe/ARCHER2/cp2k.psmp() [0x14e19f4]
/work/e05/e05/cahart/cp2k/cp2k-2023.1/cp2k-2023.1-dev-3/exe/ARCHER2/cp2k.psmp() [0x95499d]
/work/e05/e05/cahart/cp2k/cp2k-2023.1/cp2k-2023.1-dev-3/exe/ARCHER2/cp2k.psmp() [0x959cb0]
/work/e05/e05/cahart/cp2k/cp2k-2023.1/cp2k-2023.1-dev-3/exe/ARCHER2/cp2k.psmp() [0x1409c2f]
/work/e05/e05/cahart/cp2k/cp2k-2023.1/cp2k-2023.1-dev-3/exe/ARCHER2/cp2k.psmp() [0x14179e8]
/work/e05/e05/cahart/cp2k/cp2k-2023.1/cp2k-2023.1-dev-3/exe/ARCHER2/cp2k.psmp() [0xd567fc]
/work/e05/e05/cahart/cp2k/cp2k-2023.1/cp2k-2023.1-dev-3/exe/ARCHER2/cp2k.psmp() [0xb2d153]
/work/e05/e05/cahart/cp2k/cp2k-2023.1/cp2k-2023.1-dev-3/exe/ARCHER2/cp2k.psmp() [0x50e4a3]
/work/e05/e05/cahart/cp2k/cp2k-2023.1/cp2k-2023.1-dev-3/exe/ARCHER2/cp2k.psmp() [0x510f9a]
/work/e05/e05/cahart/cp2k/cp2k-2023.1/cp2k-2023.1-dev-3/exe/ARCHER2/cp2k.psmp() [0x50487e]
/work/e05/e05/cahart/cp2k/cp2k-2023.1/cp2k-2023.1-dev-3/exe/ARCHER2/cp2k.psmp() [0x4d868d]
/lib64/libc.so.6(__libc_start_main+0xea) [0x2b89f3bf834a]
/work/e05/e05/cahart/cp2k/cp2k-2023.1/cp2k-2023.1-dev-3/exe/ARCHER2/cp2k.psmp() [0x502c3a]
MPICH ERROR [Rank 117] [job id 3088084.0] [Tue Feb 14 14:33:44 2023] [nid003509] - Abort(1): Internal error

process_vm_readv: No such process
PE 119: process_vm_readv returned: Invalid argument
Assertion failed in file ../src/mpid/ch4/shm/cray_common/cray_common_memops.c at line 426: 0
/opt/cray/pe/lib64/libmpi_gnu_91.so.12(MPL_backtrace_show+0x26) [0x2b9564fb1c7b]
/opt/cray/pe/lib64/libmpi_gnu_91.so.12(+0x20e2744) [0x2b9564946744]
/opt/cray/pe/lib64/libmpi_gnu_91.so.12(+0x25a2b49) [0x2b9564e06b49]
/opt/cray/pe/lib64/libmpi_gnu_91.so.12(+0x25cdd58) [0x2b9564e31d58]
/opt/cray/pe/lib64/libmpi_gnu_91.so.12(+0x259b056) [0x2b9564dff056]
/opt/cray/pe/lib64/libmpi_gnu_91.so.12(+0xf456a2) [0x2b95637a96a2]
/opt/cray/pe/lib64/libmpi_gnu_91.so.12(+0xfa48f6) [0x2b95638088f6]
/opt/cray/pe/lib64/libmpi_gnu_91.so.12(+0x1ddb0f6) [0x2b956463f0f6]
/opt/cray/pe/lib64/libmpi_gnu_91.so.12(+0x1cadfb2) [0x2b9564511fb2]
/opt/cray/pe/lib64/libmpi_gnu_91.so.12(+0x1986f6) [0x2b95629fc6f6]
/opt/cray/pe/lib64/libmpi_gnu_91.so.12(+0x198858) [0x2b95629fc858]
/opt/cray/pe/lib64/libmpi_gnu_91.so.12(PMPI_Alltoallv+0xc3a) [0x2b95629fd84a]
/opt/cray/pe/lib64/libmpifort_gnu_91.so.12(pmpi_alltoallv_+0x52) [0x2b9562626dc2]
/work/e05/e05/cahart/cp2k/cp2k-2023.1/cp2k-2023.1-dev-3/exe/ARCHER2/cp2k.psmp() [0x2de6311]
/work/e05/e05/cahart/cp2k/cp2k-2023.1/cp2k-2023.1-dev-3/exe/ARCHER2/cp2k.psmp() [0x2b31dd2]
/work/e05/e05/cahart/cp2k/cp2k-2023.1/cp2k-2023.1-dev-3/exe/ARCHER2/cp2k.psmp() [0x2a7dab5]
/work/e05/e05/cahart/cp2k/cp2k-2023.1/cp2k-2023.1-dev-3/exe/ARCHER2/cp2k.psmp() [0x2a88be2]
/work/e05/e05/cahart/cp2k/cp2k-2023.1/cp2k-2023.1-dev-3/exe/ARCHER2/cp2k.psmp() [0x292cd6c]
/work/e05/e05/cahart/cp2k/cp2k-2023.1/cp2k-2023.1-dev-3/exe/ARCHER2/cp2k.psmp() [0x28dada8]
/work/e05/e05/cahart/cp2k/cp2k-2023.1/cp2k-2023.1-dev-3/exe/ARCHER2/cp2k.psmp() [0x14e19f4]
/work/e05/e05/cahart/cp2k/cp2k-2023.1/cp2k-2023.1-dev-3/exe/ARCHER2/cp2k.psmp() [0x95499d]
/work/e05/e05/cahart/cp2k/cp2k-2023.1/cp2k-2023.1-dev-3/exe/ARCHER2/cp2k.psmp() [0x959cb0]
/work/e05/e05/cahart/cp2k/cp2k-2023.1/cp2k-2023.1-dev-3/exe/ARCHER2/cp2k.psmp() [0x1409c2f]
/work/e05/e05/cahart/cp2k/cp2k-2023.1/cp2k-2023.1-dev-3/exe/ARCHER2/cp2k.psmp() [0x14179e8]
/work/e05/e05/cahart/cp2k/cp2k-2023.1/cp2k-2023.1-dev-3/exe/ARCHER2/cp2k.psmp() [0xd567fc]
/work/e05/e05/cahart/cp2k/cp2k-2023.1/cp2k-2023.1-dev-3/exe/ARCHER2/cp2k.psmp() [0xb2d153]
/work/e05/e05/cahart/cp2k/cp2k-2023.1/cp2k-2023.1-dev-3/exe/ARCHER2/cp2k.psmp() [0x50e4a3]
/work/e05/e05/cahart/cp2k/cp2k-2023.1/cp2k-2023.1-dev-3/exe/ARCHER2/cp2k.psmp() [0x510f9a]
/work/e05/e05/cahart/cp2k/cp2k-2023.1/cp2k-2023.1-dev-3/exe/ARCHER2/cp2k.psmp() [0x50487e]
/work/e05/e05/cahart/cp2k/cp2k-2023.1/cp2k-2023.1-dev-3/exe/ARCHER2/cp2k.psmp() [0x4d868d]
/lib64/libc.so.6(__libc_start_main+0xea) [0x2b95659d334a]
/work/e05/e05/cahart/cp2k/cp2k-2023.1/cp2k-2023.1-dev-3/exe/ARCHER2/cp2k.psmp() [0x502c3a]
MPICH ERROR [Rank 119] [job id 3088084.0] [Tue Feb 14 14:33:44 2023] [nid003509] - Abort(1): Internal error

process_vm_readv: No such process
PE 97: process_vm_readv returned: Invalid argument
Assertion failed in file ../src/mpid/ch4/shm/cray_common/cray_common_memops.c at line 426: 0
process_vm_readv: No such process
PE 98: process_vm_readv returned: Invalid argument
Assertion failed in file ../src/mpid/ch4/shm/cray_common/cray_common_memops.c at line 426: 0
