
Lmod is automatically replacing "cce/11.0.4" with "gcc/10.2.0".


Lmod is automatically replacing "PrgEnv-cray/8.0.0" with "PrgEnv-gnu/8.0.0".


Due to MODULEPATH changes, the following have been reloaded:
  1) cray-mpich/8.1.4


The following have been reloaded with a version change:
  1) PrgEnv-gnu/8.0.0 => PrgEnv-gnu/8.1.0
  2) cray-libsci/21.04.1.1 => cray-libsci/21.08.1.2
  3) cray-mpich/8.1.4 => cray-mpich/8.1.9
  4) craype/2.7.6 => craype/2.7.10
  5) gcc/10.2.0 => gcc/11.2.0



21.40
21
550.20000000000000000000
529.80000000000000000000
slurmstepd: error: *** JOB 3665225 ON nid004266 CANCELLED AT 2023-05-17T03:45:20 DUE TO TIME LIMIT ***
slurmstepd: error: *** STEP 3665225.0 ON nid004266 CANCELLED AT 2023-05-17T03:45:20 DUE TO TIME LIMIT ***
process_vm_readv: No such process
PE 53: process_vm_readv returned: Invalid argument
Assertion failed in file ../src/mpid/ch4/shm/cray_common/cray_common_memops.c at line 426: 0
process_vm_readv: No such process
PE 113: process_vm_readv returned: Invalid argument
Assertion failed in file ../src/mpid/ch4/shm/cray_common/cray_common_memops.c at line 426: 0
/opt/cray/pe/lib64/libmpi_gnu_91.so.12(MPL_backtrace_show+0x26) [0x2b3a2497cc7b]
/opt/cray/pe/lib64/libmpi_gnu_91.so.12(+0x20e2744) [0x2b3a24311744]
/opt/cray/pe/lib64/libmpi_gnu_91.so.12(+0x25a2b49) [0x2b3a247d1b49]
/opt/cray/pe/lib64/libmpi_gnu_91.so.12(MPI_Irecv+0xfbc) [0x2b3a229cafac]
/opt/cray/pe/lib64/libmpifort_gnu_91.so.12(mpi_irecv+0x2c) [0x2b3a21ff101c]
/work/e05/e05/cahart/cp2k/cp2k-2023.1/cp2k-2023.1-dev-3/exe/ARCHER2/cp2k.psmp() [0x2e040fd]
/work/e05/e05/cahart/cp2k/cp2k-2023.1/cp2k-2023.1-dev-3/exe/ARCHER2/cp2k.psmp() [0x2ad6ff6]
/work/e05/e05/cahart/cp2k/cp2k-2023.1/cp2k-2023.1-dev-3/exe/ARCHER2/cp2k.psmp() [0x2ae03dd]
/work/e05/e05/cahart/cp2k/cp2k-2023.1/cp2k-2023.1-dev-3/exe/ARCHER2/cp2k.psmp() [0x2a277cb]
/work/e05/e05/cahart/cp2k/cp2k-2023.1/cp2k-2023.1-dev-3/exe/ARCHER2/cp2k.psmp() [0x8abefa]
/work/e05/e05/cahart/cp2k/cp2k-2023.1/cp2k-2023.1-dev-3/exe/ARCHER2/cp2k.psmp() [0x8cd8a7]
/work/e05/e05/cahart/cp2k/cp2k-2023.1/cp2k-2023.1-dev-3/exe/ARCHER2/cp2k.psmp() [0x19e7689]
/work/e05/e05/cahart/cp2k/cp2k-2023.1/cp2k-2023.1-dev-3/exe/ARCHER2/cp2k.psmp() [0x1409b7b]
/work/e05/e05/cahart/cp2k/cp2k-2023.1/cp2k-2023.1-dev-3/exe/ARCHER2/cp2k.psmp() [0x14179e8]
/work/e05/e05/cahart/cp2k/cp2k-2023.1/cp2k-2023.1-dev-3/exe/ARCHER2/cp2k.psmp() [0xd567fc]
/work/e05/e05/cahart/cp2k/cp2k-2023.1/cp2k-2023.1-dev-3/exe/ARCHER2/cp2k.psmp() [0xb2d153]
/work/e05/e05/cahart/cp2k/cp2k-2023.1/cp2k-2023.1-dev-3/exe/ARCHER2/cp2k.psmp() [0x50e4a3]
/work/e05/e05/cahart/cp2k/cp2k-2023.1/cp2k-2023.1-dev-3/exe/ARCHER2/cp2k.psmp() [0x510f9a]
/work/e05/e05/cahart/cp2k/cp2k-2023.1/cp2k-2023.1-dev-3/exe/ARCHER2/cp2k.psmp() [0x50487e]
/work/e05/e05/cahart/cp2k/cp2k-2023.1/cp2k-2023.1-dev-3/exe/ARCHER2/cp2k.psmp() [0x4d868d]
/lib64/libc.so.6(__libc_start_main+0xea) [0x2b3a2539e34a]
/work/e05/e05/cahart/cp2k/cp2k-2023.1/cp2k-2023.1-dev-3/exe/ARCHER2/cp2k.psmp() [0x502c3a]
MPICH ERROR [Rank 113] [job id 3665225.0] [Wed May 17 03:45:20 2023] [nid004266] - Abort(1): Internal error

process_vm_readv: No such process
PE 114: process_vm_readv returned: Invalid argument
Assertion failed in file ../src/mpid/ch4/shm/cray_common/cray_common_memops.c at line 426: 0
